0 info it worked if it ends with ok
1 verbose cli [ '/usr/local/bin/node', '/usr/local/bin/npm', 'run', 'build' ]
2 info using npm@3.10.10
3 info using node@v6.10.0
4 verbose run-script [ 'prebuild', 'build', 'postbuild' ]
5 info lifecycle git-it-together@1.0.0~prebuild: git-it-together@1.0.0
6 silly lifecycle git-it-together@1.0.0~prebuild: no script for prebuild, continuing
7 info lifecycle git-it-together@1.0.0~build: git-it-together@1.0.0
8 verbose lifecycle git-it-together@1.0.0~build: unsafe-perm in lifecycle true
<<<<<<< HEAD
9 verbose lifecycle git-it-together@1.0.0~build: PATH: /usr/local/lib/node_modules/npm/bin/node-gyp-bin:/Users/simondemoor/Desktop/git-it-together/node_modules/.bin:/Users/simondemoor/exec -l /bin/bash/google-cloud-sdk/bin:/usr/local/bin:/usr/bin:/bin:/usr/sbin:/sbin
10 verbose lifecycle git-it-together@1.0.0~build: CWD: /Users/simondemoor/Desktop/git-it-together
=======
>>>>>>> eea8b120b5c1d369afb9053b5e6e40b5167a719f
9 verbose lifecycle git-it-together@1.0.0~build: PATH: /usr/local/lib/node_modules/npm/bin/node-gyp-bin:/Users/jamesmitchell/Desktop/hrr22/Seniorphase/git-it-together/node_modules/.bin:/usr/local/bin:/usr/bin:/bin:/usr/sbin:/sbin
10 verbose lifecycle git-it-together@1.0.0~build: CWD: /Users/jamesmitchell/Desktop/hrr22/Seniorphase/git-it-together
11 silly lifecycle git-it-together@1.0.0~build: Args: [ '-c', 'webpack --config webpack.config.js' ]
12 silly lifecycle git-it-together@1.0.0~build: Returned: code: 2  signal: null
13 info lifecycle git-it-together@1.0.0~build: Failed to exec build script
14 verbose stack Error: git-it-together@1.0.0 build: `webpack --config webpack.config.js`
14 verbose stack Exit status 2
14 verbose stack     at EventEmitter.<anonymous> (/usr/local/lib/node_modules/npm/lib/utils/lifecycle.js:255:16)
14 verbose stack     at emitTwo (events.js:106:13)
14 verbose stack     at EventEmitter.emit (events.js:191:7)
14 verbose stack     at ChildProcess.<anonymous> (/usr/local/lib/node_modules/npm/lib/utils/spawn.js:40:14)
14 verbose stack     at emitTwo (events.js:106:13)
14 verbose stack     at ChildProcess.emit (events.js:191:7)
14 verbose stack     at maybeClose (internal/child_process.js:877:16)
14 verbose stack     at Process.ChildProcess._handle.onexit (internal/child_process.js:226:5)
15 verbose pkgid git-it-together@1.0.0
<<<<<<< HEAD
16 verbose cwd /Users/simondemoor/Desktop/git-it-together
17 error Darwin 16.1.0
=======
>>>>>>> eea8b120b5c1d369afb9053b5e6e40b5167a719f
16 verbose cwd /Users/jamesmitchell/Desktop/hrr22/Seniorphase/git-it-together
17 error Darwin 16.4.0
18 error argv "/usr/local/bin/node" "/usr/local/bin/npm" "run" "build"
19 error node v6.10.0
20 error npm  v3.10.10
21 error code ELIFECYCLE
22 error git-it-together@1.0.0 build: `webpack --config webpack.config.js`
22 error Exit status 2
23 error Failed at the git-it-together@1.0.0 build script 'webpack --config webpack.config.js'.
23 error Make sure you have the latest version of node.js and npm installed.
23 error If you do, this is most likely a problem with the git-it-together package,
23 error not with npm itself.
23 error Tell the author that this fails on your system:
23 error     webpack --config webpack.config.js
23 error You can get information on how to open an issue for this project with:
23 error     npm bugs git-it-together
23 error Or if that isn't available, you can get their info via:
23 error     npm owner ls git-it-together
23 error There is likely additional logging output above.
24 verbose exit [ 1, true ]
